Analysis & Synthesis report for lab_7
Tue Nov 08 10:57:38 2011
Quartus II Version 9.1 Build 350 03/24/2010 Service Pack 2 SJ Web Edition


---------------------
; Table of Contents ;
---------------------
  1. Legal Notice
  2. Analysis & Synthesis Summary
  3. Analysis & Synthesis Settings
  4. Parallel Compilation
  5. Analysis & Synthesis Messages



----------------
; Legal Notice ;
----------------
Copyright (C) 1991-2010 Altera Corporation
Your use of Altera Corporation's design tools, logic functions 
and other software and tools, and its AMPP partner logic 
functions, and any output files from any of the foregoing 
(including device programming or simulation files), and any 
associated documentation or information are expressly subject 
to the terms and conditions of the Altera Program License 
Subscription Agreement, Altera MegaCore Function License 
Agreement, or other applicable license agreement, including, 
without limitation, that your use is for the sole purpose of 
programming logic devices manufactured by Altera and sold by 
Altera or its authorized distributors.  Please refer to the 
applicable agreement for further details.



+-----------------------------------------------------------------------------------+
; Analysis & Synthesis Summary                                                      ;
+------------------------------------+----------------------------------------------+
; Analysis & Synthesis Status        ; Failed - Tue Nov 08 10:57:38 2011            ;
; Quartus II Version                 ; 9.1 Build 350 03/24/2010 SP 2 SJ Web Edition ;
; Revision Name                      ; lab_7                                        ;
; Top-level Entity Name              ; lab_7                                        ;
; Family                             ; Cyclone II                                   ;
; Total logic elements               ; N/A until Partition Merge                    ;
;     Total combinational functions  ; N/A until Partition Merge                    ;
;     Dedicated logic registers      ; N/A until Partition Merge                    ;
; Total registers                    ; N/A until Partition Merge                    ;
; Total pins                         ; N/A until Partition Merge                    ;
; Total virtual pins                 ; N/A until Partition Merge                    ;
; Total memory bits                  ; N/A until Partition Merge                    ;
; Embedded Multiplier 9-bit elements ; N/A until Partition Merge                    ;
; Total PLLs                         ; N/A until Partition Merge                    ;
+------------------------------------+----------------------------------------------+


+----------------------------------------------------------------------------------------------------------------------+
; Analysis & Synthesis Settings                                                                                        ;
+----------------------------------------------------------------------------+--------------------+--------------------+
; Option                                                                     ; Setting            ; Default Value      ;
+----------------------------------------------------------------------------+--------------------+--------------------+
; Device                                                                     ; EP2C20F484C7       ;                    ;
; Top-level entity name                                                      ; lab_7              ; lab_7              ;
; Family name                                                                ; Cyclone II         ; Stratix II         ;
; Use Generated Physical Constraints File                                    ; Off                ;                    ;
; Use smart compilation                                                      ; Off                ; Off                ;
; Enable parallel Assembler and TimeQuest Timing Analyzer during compilation ; On                 ; On                 ;
; Enable compact report table                                                ; Off                ; Off                ;
; Restructure Multiplexers                                                   ; Auto               ; Auto               ;
; Create Debugging Nodes for IP Cores                                        ; Off                ; Off                ;
; Preserve fewer node names                                                  ; On                 ; On                 ;
; Disable OpenCore Plus hardware evaluation                                  ; Off                ; Off                ;
; Verilog Version                                                            ; Verilog_2001       ; Verilog_2001       ;
; VHDL Version                                                               ; VHDL_1993          ; VHDL_1993          ;
; State Machine Processing                                                   ; Auto               ; Auto               ;
; Safe State Machine                                                         ; Off                ; Off                ;
; Extract Verilog State Machines                                             ; On                 ; On                 ;
; Extract VHDL State Machines                                                ; On                 ; On                 ;
; Ignore Verilog initial constructs                                          ; Off                ; Off                ;
; Iteration limit for constant Verilog loops                                 ; 5000               ; 5000               ;
; Iteration limit for non-constant Verilog loops                             ; 250                ; 250                ;
; Add Pass-Through Logic to Inferred RAMs                                    ; On                 ; On                 ;
; Parallel Synthesis                                                         ; On                 ; On                 ;
; DSP Block Balancing                                                        ; Auto               ; Auto               ;
; NOT Gate Push-Back                                                         ; On                 ; On                 ;
; Power-Up Don't Care                                                        ; On                 ; On                 ;
; Remove Redundant Logic Cells                                               ; Off                ; Off                ;
; Remove Duplicate Registers                                                 ; On                 ; On                 ;
; Ignore CARRY Buffers                                                       ; Off                ; Off                ;
; Ignore CASCADE Buffers                                                     ; Off                ; Off                ;
; Ignore GLOBAL Buffers                                                      ; Off                ; Off                ;
; Ignore ROW GLOBAL Buffers                                                  ; Off                ; Off                ;
; Ignore LCELL Buffers                                                       ; Off                ; Off                ;
; Ignore SOFT Buffers                                                        ; On                 ; On                 ;
; Limit AHDL Integers to 32 Bits                                             ; Off                ; Off                ;
; Optimization Technique                                                     ; Balanced           ; Balanced           ;
; Carry Chain Length                                                         ; 70                 ; 70                 ;
; Auto Carry Chains                                                          ; On                 ; On                 ;
; Auto Open-Drain Pins                                                       ; On                 ; On                 ;
; Perform WYSIWYG Primitive Resynthesis                                      ; Off                ; Off                ;
; Auto ROM Replacement                                                       ; On                 ; On                 ;
; Auto RAM Replacement                                                       ; On                 ; On                 ;
; Auto Shift Register Replacement                                            ; Auto               ; Auto               ;
; Auto Clock Enable Replacement                                              ; On                 ; On                 ;
; Strict RAM Replacement                                                     ; Off                ; Off                ;
; Allow Synchronous Control Signals                                          ; On                 ; On                 ;
; Force Use of Synchronous Clear Signals                                     ; Off                ; Off                ;
; Auto RAM to Logic Cell Conversion                                          ; Off                ; Off                ;
; Auto Resource Sharing                                                      ; Off                ; Off                ;
; Allow Any RAM Size For Recognition                                         ; Off                ; Off                ;
; Allow Any ROM Size For Recognition                                         ; Off                ; Off                ;
; Allow Any Shift Register Size For Recognition                              ; Off                ; Off                ;
; Use LogicLock Constraints during Resource Balancing                        ; On                 ; On                 ;
; Ignore translate_off and synthesis_off directives                          ; Off                ; Off                ;
; Timing-Driven Synthesis                                                    ; Off                ; Off                ;
; Show Parameter Settings Tables in Synthesis Report                         ; On                 ; On                 ;
; Ignore Maximum Fan-Out Assignments                                         ; Off                ; Off                ;
; Synchronization Register Chain Length                                      ; 2                  ; 2                  ;
; PowerPlay Power Optimization                                               ; Normal compilation ; Normal compilation ;
; HDL message level                                                          ; Level2             ; Level2             ;
; Suppress Register Optimization Related Messages                            ; Off                ; Off                ;
; Number of Removed Registers Reported in Synthesis Report                   ; 5000               ; 5000               ;
; Number of Inverted Registers Reported in Synthesis Report                  ; 100                ; 100                ;
; Clock MUX Protection                                                       ; On                 ; On                 ;
; Auto Gated Clock Conversion                                                ; Off                ; Off                ;
; Block Design Naming                                                        ; Auto               ; Auto               ;
; SDC constraint protection                                                  ; Off                ; Off                ;
; Synthesis Effort                                                           ; Auto               ; Auto               ;
; Shift Register Replacement - Allow Asynchronous Clear Signal               ; On                 ; On                 ;
; Analysis & Synthesis Message Level                                         ; Medium             ; Medium             ;
; Disable Register Merging Across Hierarchies                                ; Auto               ; Auto               ;
; Resource Aware Inference For Block RAM                                     ; On                 ; On                 ;
+----------------------------------------------------------------------------+--------------------+--------------------+


Parallel compilation was disabled, but you have multiple processors available. Enable parallel compilation to reduce compilation time.
+-------------------------------------+
; Parallel Compilation                ;
+----------------------------+--------+
; Processors                 ; Number ;
+----------------------------+--------+
; Number detected on machine ; 2      ;
; Maximum allowed            ; 1      ;
+----------------------------+--------+


+-------------------------------+
; Analysis & Synthesis Messages ;
+-------------------------------+
Info: *******************************************************************
Info: Running Quartus II Analysis & Synthesis
    Info: Version 9.1 Build 350 03/24/2010 Service Pack 2 SJ Web Edition
    Info: Processing started: Tue Nov 08 10:57:37 2011
Info: Command: quartus_map --read_settings_files=on --write_settings_files=off lab_7 -c lab_7
Info: Found 2 design units, including 1 entities, in source file logic (2).vhd
    Info: Found design unit 1: logic-Structure
    Info: Found entity 1: logic
Info: Found 2 design units, including 1 entities, in source file fulladd.vhd
    Info: Found design unit 1: fulladd-LogicFunc
    Info: Found entity 1: fulladd
Info: Found 2 design units, including 1 entities, in source file adder.vhd
    Info: Found design unit 1: adder-Structure
    Info: Found entity 1: adder
Info: Found 2 design units, including 1 entities, in source file addsub (1).vhd
    Info: Found design unit 1: addsub-Structure
    Info: Found entity 1: addsub
Info: Found 2 design units, including 1 entities, in source file sevensegment.vhd
    Info: Found design unit 1: sevensegment-Behavior
    Info: Found entity 1: sevensegment
Info: Found 2 design units, including 1 entities, in source file fsm.vhd
    Info: Found design unit 1: FSM-Behavior
    Info: Found entity 1: FSM
Info: Found 2 design units, including 1 entities, in source file lab7.vhd
    Info: Found design unit 1: lab_7-Behavior
    Info: Found entity 1: lab_7
Info: Found 2 design units, including 1 entities, in source file masterclock.vhd
    Info: Found design unit 1: masterclock-Behavior
    Info: Found entity 1: masterclock
Info: Found 2 design units, including 1 entities, in source file synch.vhd
    Info: Found design unit 1: synch-Behavior
    Info: Found entity 1: synch
Info: Elaborating entity "lab_7" for the top level hierarchy
Warning (10036): Verilog HDL or VHDL warning at lab7.vhd(25): object "datareadysyncsig" assigned a value but never read
Warning (10036): Verilog HDL or VHDL warning at lab7.vhd(25): object "drrisesig" assigned a value but never read
Info: Elaborating entity "sevensegment" for hierarchy "sevensegment:SEVSEGMENTarith"
Info: Elaborating entity "FSM" for hierarchy "FSM:ALU"
Info: Elaborating entity "addsub" for hierarchy "FSM:ALU|addsub:AddSubA"
Info: Elaborating entity "adder" for hierarchy "FSM:ALU|addsub:AddSubA|adder:stage0"
Info: Elaborating entity "fulladd" for hierarchy "FSM:ALU|addsub:AddSubA|adder:stage0|fulladd:stage0"
Info: Elaborating entity "logic" for hierarchy "FSM:ALU|logic:logicA"
Warning (10631): VHDL Process Statement warning at logic (2).vhd(16): inferring latch(es) for signal or variable "tempBOOL", which holds its previous value in one or more paths through the process
Info (10041): Inferred latch for "tempBOOL[0]" at logic (2).vhd(16)
Info (10041): Inferred latch for "tempBOOL[1]" at logic (2).vhd(16)
Info (10041): Inferred latch for "tempBOOL[2]" at logic (2).vhd(16)
Info: Elaborating entity "synch" for hierarchy "synch:datasynch"
Error: Node instance "MainMem" instantiates undefined entity "memory" File: C:/Users/Erich Viebrock/Desktop/Classes/Fall 11/Advanced Digital/Lab 7/lab7.vhd Line: 66
Error: Quartus II Analysis & Synthesis was unsuccessful. 1 error, 3 warnings
    Error: Peak virtual memory: 224 megabytes
    Error: Processing ended: Tue Nov 08 10:57:38 2011
    Error: Elapsed time: 00:00:01
    Error: Total CPU time (on all processors): 00:00:01


