Simulator report for lab_6
Tue Oct 25 11:42:36 2011
Quartus II Version 9.1 Build 350 03/24/2010 Service Pack 2 SJ Web Edition


---------------------
; Table of Contents ;
---------------------
  1. Legal Notice
  2. Simulator Summary
  3. Simulator Settings
  4. Simulation Waveforms
  5. Coverage Summary
  6. Complete 1/0-Value Coverage
  7. Missing 1-Value Coverage
  8. Missing 0-Value Coverage
  9. Simulator INI Usage
 10. Simulator Messages



----------------
; Legal Notice ;
----------------
Copyright (C) 1991-2010 Altera Corporation
Your use of Altera Corporation's design tools, logic functions 
and other software and tools, and its AMPP partner logic 
functions, and any output files from any of the foregoing 
(including device programming or simulation files), and any 
associated documentation or information are expressly subject 
to the terms and conditions of the Altera Program License 
Subscription Agreement, Altera MegaCore Function License 
Agreement, or other applicable license agreement, including, 
without limitation, that your use is for the sole purpose of 
programming logic devices manufactured by Altera and sold by 
Altera or its authorized distributors.  Please refer to the 
applicable agreement for further details.



+--------------------------------------------+
; Simulator Summary                          ;
+-----------------------------+--------------+
; Type                        ; Value        ;
+-----------------------------+--------------+
; Simulation Start Time       ; 0 ps         ;
; Simulation End Time         ; 480.0 ns     ;
; Simulation Netlist Size     ; 284 nodes    ;
; Simulation Coverage         ;      69.72 % ;
; Total Number of Transitions ; 3130         ;
; Simulation Breakpoints      ; 0            ;
; Family                      ; Cyclone II   ;
+-----------------------------+--------------+


+-------------------------------------------------------------------------------------------------------------------------+
; Simulator Settings                                                                                                      ;
+--------------------------------------------------------------------------------------------+------------+---------------+
; Option                                                                                     ; Setting    ; Default Value ;
+--------------------------------------------------------------------------------------------+------------+---------------+
; Simulation mode                                                                            ; Functional ; Timing        ;
; Start time                                                                                 ; 0 ns       ; 0 ns          ;
; Simulation results format                                                                  ; CVWF       ;               ;
; Vector input source                                                                        ; lab_6.vwf  ;               ;
; Add pins automatically to simulation output waveforms                                      ; On         ; On            ;
; Check outputs                                                                              ; Off        ; Off           ;
; Report simulation coverage                                                                 ; On         ; On            ;
; Display complete 1/0 value coverage report                                                 ; On         ; On            ;
; Display missing 1-value coverage report                                                    ; On         ; On            ;
; Display missing 0-value coverage report                                                    ; On         ; On            ;
; Detect setup and hold time violations                                                      ; Off        ; Off           ;
; Detect glitches                                                                            ; Off        ; Off           ;
; Disable timing delays in Timing Simulation                                                 ; Off        ; Off           ;
; Generate Signal Activity File                                                              ; Off        ; Off           ;
; Generate VCD File for PowerPlay Power Analyzer                                             ; Off        ; Off           ;
; Group bus channels in simulation results                                                   ; Off        ; Off           ;
; Preserve fewer signal transitions to reduce memory requirements                            ; On         ; On            ;
; Trigger vector comparison with the specified mode                                          ; INPUT_EDGE ; INPUT_EDGE    ;
; Disable setup and hold time violations detection in input registers of bi-directional pins ; Off        ; Off           ;
; Overwrite Waveform Inputs With Simulation Outputs                                          ; Off        ;               ;
; Perform Glitch Filtering in Timing Simulation                                              ; Auto       ; Auto          ;
+--------------------------------------------------------------------------------------------+------------+---------------+


+----------------------+
; Simulation Waveforms ;
+----------------------+
Waveform report data cannot be output to ASCII.
Please use Quartus II to view the waveform report data.


+--------------------------------------------------------------------+
; Coverage Summary                                                   ;
+-----------------------------------------------------+--------------+
; Type                                                ; Value        ;
+-----------------------------------------------------+--------------+
; Total coverage as a percentage                      ;      69.72 % ;
; Total nodes checked                                 ; 284          ;
; Total output ports checked                          ; 284          ;
; Total output ports with complete 1/0-value coverage ; 198          ;
; Total output ports with no 1/0-value coverage       ; 86           ;
; Total output ports with no 1-value coverage         ; 86           ;
; Total output ports with no 0-value coverage         ; 86           ;
+-----------------------------------------------------+--------------+


The following table displays output ports that toggle between 1 and 0 during simulation.
+----------------------------------------------------------------------------------------------------------------------------------------------+
; Complete 1/0-Value Coverage                                                                                                                  ;
+-------------------------------------------------------------+-------------------------------------------------------------+------------------+
; Node Name                                                   ; Output Port Name                                            ; Output Port Type ;
+-------------------------------------------------------------+-------------------------------------------------------------+------------------+
; |lab_6|Operation[0]                                         ; |lab_6|Operation[0]                                         ; out              ;
; |lab_6|Operation[1]                                         ; |lab_6|Operation[1]                                         ; out              ;
; |lab_6|Operation[2]                                         ; |lab_6|Operation[2]                                         ; out              ;
; |lab_6|Alogic[0]                                            ; |lab_6|Alogic[0]                                            ; out              ;
; |lab_6|Alogic[1]                                            ; |lab_6|Alogic[1]                                            ; out              ;
; |lab_6|Alogic[2]                                            ; |lab_6|Alogic[2]                                            ; out              ;
; |lab_6|Blogic[0]                                            ; |lab_6|Blogic[0]                                            ; out              ;
; |lab_6|Blogic[1]                                            ; |lab_6|Blogic[1]                                            ; out              ;
; |lab_6|Blogic[2]                                            ; |lab_6|Blogic[2]                                            ; out              ;
; |lab_6|leds1[6]                                             ; |lab_6|leds1[6]                                             ; pin_out          ;
; |lab_6|leds1[5]                                             ; |lab_6|leds1[5]                                             ; pin_out          ;
; |lab_6|leds1[4]                                             ; |lab_6|leds1[4]                                             ; pin_out          ;
; |lab_6|leds1[1]                                             ; |lab_6|leds1[1]                                             ; pin_out          ;
; |lab_6|trueFalse[0]                                         ; |lab_6|trueFalse[0]                                         ; pin_out          ;
; |lab_6|LessThan0~0                                          ; |lab_6|LessThan0~0                                          ; out0             ;
; |lab_6|LessThan0~1                                          ; |lab_6|LessThan0~1                                          ; out0             ;
; |lab_6|LessThan0~2                                          ; |lab_6|LessThan0~2                                          ; out0             ;
; |lab_6|LessThan0~3                                          ; |lab_6|LessThan0~3                                          ; out0             ;
; |lab_6|LessThan0~5                                          ; |lab_6|LessThan0~5                                          ; out0             ;
; |lab_6|LessThan0~6                                          ; |lab_6|LessThan0~6                                          ; out0             ;
; |lab_6|LessThan0~7                                          ; |lab_6|LessThan0~7                                          ; out0             ;
; |lab_6|LessThan1~0                                          ; |lab_6|LessThan1~0                                          ; out0             ;
; |lab_6|LessThan1~1                                          ; |lab_6|LessThan1~1                                          ; out0             ;
; |lab_6|LessThan1~2                                          ; |lab_6|LessThan1~2                                          ; out0             ;
; |lab_6|LessThan1~3                                          ; |lab_6|LessThan1~3                                          ; out0             ;
; |lab_6|LessThan1~4                                          ; |lab_6|LessThan1~4                                          ; out0             ;
; |lab_6|LessThan1~5                                          ; |lab_6|LessThan1~5                                          ; out0             ;
; |lab_6|LessThan1~6                                          ; |lab_6|LessThan1~6                                          ; out0             ;
; |lab_6|LessThan1~7                                          ; |lab_6|LessThan1~7                                          ; out0             ;
; |lab_6|LessThan1~8                                          ; |lab_6|LessThan1~8                                          ; out0             ;
; |lab_6|Equal0~1                                             ; |lab_6|Equal0~1                                             ; out0             ;
; |lab_6|Equal0~2                                             ; |lab_6|Equal0~2                                             ; out0             ;
; |lab_6|Equal1~0                                             ; |lab_6|Equal1~0                                             ; out0             ;
; |lab_6|lpm_mux:Mux4|mux_3nc:auto_generated|_~0              ; |lab_6|lpm_mux:Mux4|mux_3nc:auto_generated|_~0              ; out0             ;
; |lab_6|lpm_mux:Mux4|mux_3nc:auto_generated|_~1              ; |lab_6|lpm_mux:Mux4|mux_3nc:auto_generated|_~1              ; out0             ;
; |lab_6|lpm_mux:Mux4|mux_3nc:auto_generated|_~3              ; |lab_6|lpm_mux:Mux4|mux_3nc:auto_generated|_~3              ; out0             ;
; |lab_6|lpm_mux:Mux4|mux_3nc:auto_generated|_~5              ; |lab_6|lpm_mux:Mux4|mux_3nc:auto_generated|_~5              ; out0             ;
; |lab_6|lpm_mux:Mux4|mux_3nc:auto_generated|_~6              ; |lab_6|lpm_mux:Mux4|mux_3nc:auto_generated|_~6              ; out0             ;
; |lab_6|lpm_mux:Mux4|mux_3nc:auto_generated|_~7              ; |lab_6|lpm_mux:Mux4|mux_3nc:auto_generated|_~7              ; out0             ;
; |lab_6|lpm_mux:Mux4|mux_3nc:auto_generated|_~8              ; |lab_6|lpm_mux:Mux4|mux_3nc:auto_generated|_~8              ; out0             ;
; |lab_6|lpm_mux:Mux4|mux_3nc:auto_generated|_~9              ; |lab_6|lpm_mux:Mux4|mux_3nc:auto_generated|_~9              ; out0             ;
; |lab_6|lpm_mux:Mux4|mux_3nc:auto_generated|_~10             ; |lab_6|lpm_mux:Mux4|mux_3nc:auto_generated|_~10             ; out0             ;
; |lab_6|lpm_mux:Mux4|mux_3nc:auto_generated|_~12             ; |lab_6|lpm_mux:Mux4|mux_3nc:auto_generated|_~12             ; out0             ;
; |lab_6|lpm_mux:Mux4|mux_3nc:auto_generated|_~14             ; |lab_6|lpm_mux:Mux4|mux_3nc:auto_generated|_~14             ; out0             ;
; |lab_6|lpm_mux:Mux4|mux_3nc:auto_generated|_~15             ; |lab_6|lpm_mux:Mux4|mux_3nc:auto_generated|_~15             ; out0             ;
; |lab_6|lpm_mux:Mux4|mux_3nc:auto_generated|_~16             ; |lab_6|lpm_mux:Mux4|mux_3nc:auto_generated|_~16             ; out0             ;
; |lab_6|lpm_mux:Mux4|mux_3nc:auto_generated|_~17             ; |lab_6|lpm_mux:Mux4|mux_3nc:auto_generated|_~17             ; out0             ;
; |lab_6|lpm_mux:Mux4|mux_3nc:auto_generated|_~18             ; |lab_6|lpm_mux:Mux4|mux_3nc:auto_generated|_~18             ; out0             ;
; |lab_6|lpm_mux:Mux4|mux_3nc:auto_generated|_~19             ; |lab_6|lpm_mux:Mux4|mux_3nc:auto_generated|_~19             ; out0             ;
; |lab_6|lpm_mux:Mux4|mux_3nc:auto_generated|_~20             ; |lab_6|lpm_mux:Mux4|mux_3nc:auto_generated|_~20             ; out0             ;
; |lab_6|lpm_mux:Mux4|mux_3nc:auto_generated|result_node[0]~0 ; |lab_6|lpm_mux:Mux4|mux_3nc:auto_generated|result_node[0]~0 ; out0             ;
; |lab_6|lpm_mux:Mux4|mux_3nc:auto_generated|_~21             ; |lab_6|lpm_mux:Mux4|mux_3nc:auto_generated|_~21             ; out0             ;
; |lab_6|lpm_mux:Mux4|mux_3nc:auto_generated|_~23             ; |lab_6|lpm_mux:Mux4|mux_3nc:auto_generated|_~23             ; out0             ;
; |lab_6|lpm_mux:Mux4|mux_3nc:auto_generated|_~25             ; |lab_6|lpm_mux:Mux4|mux_3nc:auto_generated|_~25             ; out0             ;
; |lab_6|lpm_mux:Mux4|mux_3nc:auto_generated|_~27             ; |lab_6|lpm_mux:Mux4|mux_3nc:auto_generated|_~27             ; out0             ;
; |lab_6|lpm_mux:Mux4|mux_3nc:auto_generated|_~28             ; |lab_6|lpm_mux:Mux4|mux_3nc:auto_generated|_~28             ; out0             ;
; |lab_6|lpm_mux:Mux4|mux_3nc:auto_generated|_~29             ; |lab_6|lpm_mux:Mux4|mux_3nc:auto_generated|_~29             ; out0             ;
; |lab_6|lpm_mux:Mux4|mux_3nc:auto_generated|_~30             ; |lab_6|lpm_mux:Mux4|mux_3nc:auto_generated|_~30             ; out0             ;
; |lab_6|lpm_mux:Mux4|mux_3nc:auto_generated|_~32             ; |lab_6|lpm_mux:Mux4|mux_3nc:auto_generated|_~32             ; out0             ;
; |lab_6|lpm_mux:Mux4|mux_3nc:auto_generated|_~34             ; |lab_6|lpm_mux:Mux4|mux_3nc:auto_generated|_~34             ; out0             ;
; |lab_6|lpm_mux:Mux4|mux_3nc:auto_generated|_~36             ; |lab_6|lpm_mux:Mux4|mux_3nc:auto_generated|_~36             ; out0             ;
; |lab_6|lpm_mux:Mux4|mux_3nc:auto_generated|_~37             ; |lab_6|lpm_mux:Mux4|mux_3nc:auto_generated|_~37             ; out0             ;
; |lab_6|lpm_mux:Mux4|mux_3nc:auto_generated|_~38             ; |lab_6|lpm_mux:Mux4|mux_3nc:auto_generated|_~38             ; out0             ;
; |lab_6|lpm_mux:Mux4|mux_3nc:auto_generated|_~39             ; |lab_6|lpm_mux:Mux4|mux_3nc:auto_generated|_~39             ; out0             ;
; |lab_6|lpm_mux:Mux4|mux_3nc:auto_generated|_~40             ; |lab_6|lpm_mux:Mux4|mux_3nc:auto_generated|_~40             ; out0             ;
; |lab_6|lpm_mux:Mux4|mux_3nc:auto_generated|result_node[0]   ; |lab_6|lpm_mux:Mux4|mux_3nc:auto_generated|result_node[0]   ; out0             ;
; |lab_6|lpm_mux:Mux3|mux_3nc:auto_generated|_~0              ; |lab_6|lpm_mux:Mux3|mux_3nc:auto_generated|_~0              ; out0             ;
; |lab_6|lpm_mux:Mux3|mux_3nc:auto_generated|_~1              ; |lab_6|lpm_mux:Mux3|mux_3nc:auto_generated|_~1              ; out0             ;
; |lab_6|lpm_mux:Mux3|mux_3nc:auto_generated|_~3              ; |lab_6|lpm_mux:Mux3|mux_3nc:auto_generated|_~3              ; out0             ;
; |lab_6|lpm_mux:Mux3|mux_3nc:auto_generated|_~5              ; |lab_6|lpm_mux:Mux3|mux_3nc:auto_generated|_~5              ; out0             ;
; |lab_6|lpm_mux:Mux3|mux_3nc:auto_generated|_~6              ; |lab_6|lpm_mux:Mux3|mux_3nc:auto_generated|_~6              ; out0             ;
; |lab_6|lpm_mux:Mux3|mux_3nc:auto_generated|_~7              ; |lab_6|lpm_mux:Mux3|mux_3nc:auto_generated|_~7              ; out0             ;
; |lab_6|lpm_mux:Mux3|mux_3nc:auto_generated|_~8              ; |lab_6|lpm_mux:Mux3|mux_3nc:auto_generated|_~8              ; out0             ;
; |lab_6|lpm_mux:Mux3|mux_3nc:auto_generated|_~9              ; |lab_6|lpm_mux:Mux3|mux_3nc:auto_generated|_~9              ; out0             ;
; |lab_6|lpm_mux:Mux3|mux_3nc:auto_generated|_~10             ; |lab_6|lpm_mux:Mux3|mux_3nc:auto_generated|_~10             ; out0             ;
; |lab_6|lpm_mux:Mux3|mux_3nc:auto_generated|_~12             ; |lab_6|lpm_mux:Mux3|mux_3nc:auto_generated|_~12             ; out0             ;
; |lab_6|lpm_mux:Mux3|mux_3nc:auto_generated|_~14             ; |lab_6|lpm_mux:Mux3|mux_3nc:auto_generated|_~14             ; out0             ;
; |lab_6|lpm_mux:Mux3|mux_3nc:auto_generated|_~15             ; |lab_6|lpm_mux:Mux3|mux_3nc:auto_generated|_~15             ; out0             ;
; |lab_6|lpm_mux:Mux3|mux_3nc:auto_generated|_~16             ; |lab_6|lpm_mux:Mux3|mux_3nc:auto_generated|_~16             ; out0             ;
; |lab_6|lpm_mux:Mux3|mux_3nc:auto_generated|_~17             ; |lab_6|lpm_mux:Mux3|mux_3nc:auto_generated|_~17             ; out0             ;
; |lab_6|lpm_mux:Mux3|mux_3nc:auto_generated|_~18             ; |lab_6|lpm_mux:Mux3|mux_3nc:auto_generated|_~18             ; out0             ;
; |lab_6|lpm_mux:Mux3|mux_3nc:auto_generated|_~19             ; |lab_6|lpm_mux:Mux3|mux_3nc:auto_generated|_~19             ; out0             ;
; |lab_6|lpm_mux:Mux3|mux_3nc:auto_generated|_~20             ; |lab_6|lpm_mux:Mux3|mux_3nc:auto_generated|_~20             ; out0             ;
; |lab_6|lpm_mux:Mux3|mux_3nc:auto_generated|result_node[0]~0 ; |lab_6|lpm_mux:Mux3|mux_3nc:auto_generated|result_node[0]~0 ; out0             ;
; |lab_6|lpm_mux:Mux3|mux_3nc:auto_generated|_~21             ; |lab_6|lpm_mux:Mux3|mux_3nc:auto_generated|_~21             ; out0             ;
; |lab_6|lpm_mux:Mux3|mux_3nc:auto_generated|_~23             ; |lab_6|lpm_mux:Mux3|mux_3nc:auto_generated|_~23             ; out0             ;
; |lab_6|lpm_mux:Mux3|mux_3nc:auto_generated|_~25             ; |lab_6|lpm_mux:Mux3|mux_3nc:auto_generated|_~25             ; out0             ;
; |lab_6|lpm_mux:Mux3|mux_3nc:auto_generated|_~27             ; |lab_6|lpm_mux:Mux3|mux_3nc:auto_generated|_~27             ; out0             ;
; |lab_6|lpm_mux:Mux3|mux_3nc:auto_generated|_~28             ; |lab_6|lpm_mux:Mux3|mux_3nc:auto_generated|_~28             ; out0             ;
; |lab_6|lpm_mux:Mux3|mux_3nc:auto_generated|_~29             ; |lab_6|lpm_mux:Mux3|mux_3nc:auto_generated|_~29             ; out0             ;
; |lab_6|lpm_mux:Mux3|mux_3nc:auto_generated|_~30             ; |lab_6|lpm_mux:Mux3|mux_3nc:auto_generated|_~30             ; out0             ;
; |lab_6|lpm_mux:Mux3|mux_3nc:auto_generated|_~32             ; |lab_6|lpm_mux:Mux3|mux_3nc:auto_generated|_~32             ; out0             ;
; |lab_6|lpm_mux:Mux3|mux_3nc:auto_generated|_~34             ; |lab_6|lpm_mux:Mux3|mux_3nc:auto_generated|_~34             ; out0             ;
; |lab_6|lpm_mux:Mux3|mux_3nc:auto_generated|_~36             ; |lab_6|lpm_mux:Mux3|mux_3nc:auto_generated|_~36             ; out0             ;
; |lab_6|lpm_mux:Mux3|mux_3nc:auto_generated|_~37             ; |lab_6|lpm_mux:Mux3|mux_3nc:auto_generated|_~37             ; out0             ;
; |lab_6|lpm_mux:Mux3|mux_3nc:auto_generated|_~38             ; |lab_6|lpm_mux:Mux3|mux_3nc:auto_generated|_~38             ; out0             ;
; |lab_6|lpm_mux:Mux3|mux_3nc:auto_generated|_~39             ; |lab_6|lpm_mux:Mux3|mux_3nc:auto_generated|_~39             ; out0             ;
; |lab_6|lpm_mux:Mux3|mux_3nc:auto_generated|_~40             ; |lab_6|lpm_mux:Mux3|mux_3nc:auto_generated|_~40             ; out0             ;
; |lab_6|lpm_mux:Mux3|mux_3nc:auto_generated|result_node[0]   ; |lab_6|lpm_mux:Mux3|mux_3nc:auto_generated|result_node[0]   ; out0             ;
; |lab_6|lpm_mux:Mux2|mux_3nc:auto_generated|_~0              ; |lab_6|lpm_mux:Mux2|mux_3nc:auto_generated|_~0              ; out0             ;
; |lab_6|lpm_mux:Mux2|mux_3nc:auto_generated|_~1              ; |lab_6|lpm_mux:Mux2|mux_3nc:auto_generated|_~1              ; out0             ;
; |lab_6|lpm_mux:Mux2|mux_3nc:auto_generated|_~3              ; |lab_6|lpm_mux:Mux2|mux_3nc:auto_generated|_~3              ; out0             ;
; |lab_6|lpm_mux:Mux2|mux_3nc:auto_generated|_~5              ; |lab_6|lpm_mux:Mux2|mux_3nc:auto_generated|_~5              ; out0             ;
; |lab_6|lpm_mux:Mux2|mux_3nc:auto_generated|_~6              ; |lab_6|lpm_mux:Mux2|mux_3nc:auto_generated|_~6              ; out0             ;
; |lab_6|lpm_mux:Mux2|mux_3nc:auto_generated|_~7              ; |lab_6|lpm_mux:Mux2|mux_3nc:auto_generated|_~7              ; out0             ;
; |lab_6|lpm_mux:Mux2|mux_3nc:auto_generated|_~8              ; |lab_6|lpm_mux:Mux2|mux_3nc:auto_generated|_~8              ; out0             ;
; |lab_6|lpm_mux:Mux2|mux_3nc:auto_generated|_~9              ; |lab_6|lpm_mux:Mux2|mux_3nc:auto_generated|_~9              ; out0             ;
; |lab_6|lpm_mux:Mux2|mux_3nc:auto_generated|_~10             ; |lab_6|lpm_mux:Mux2|mux_3nc:auto_generated|_~10             ; out0             ;
; |lab_6|lpm_mux:Mux2|mux_3nc:auto_generated|_~12             ; |lab_6|lpm_mux:Mux2|mux_3nc:auto_generated|_~12             ; out0             ;
; |lab_6|lpm_mux:Mux2|mux_3nc:auto_generated|_~14             ; |lab_6|lpm_mux:Mux2|mux_3nc:auto_generated|_~14             ; out0             ;
; |lab_6|lpm_mux:Mux2|mux_3nc:auto_generated|_~15             ; |lab_6|lpm_mux:Mux2|mux_3nc:auto_generated|_~15             ; out0             ;
; |lab_6|lpm_mux:Mux2|mux_3nc:auto_generated|_~16             ; |lab_6|lpm_mux:Mux2|mux_3nc:auto_generated|_~16             ; out0             ;
; |lab_6|lpm_mux:Mux2|mux_3nc:auto_generated|_~17             ; |lab_6|lpm_mux:Mux2|mux_3nc:auto_generated|_~17             ; out0             ;
; |lab_6|lpm_mux:Mux2|mux_3nc:auto_generated|_~18             ; |lab_6|lpm_mux:Mux2|mux_3nc:auto_generated|_~18             ; out0             ;
; |lab_6|lpm_mux:Mux2|mux_3nc:auto_generated|_~19             ; |lab_6|lpm_mux:Mux2|mux_3nc:auto_generated|_~19             ; out0             ;
; |lab_6|lpm_mux:Mux2|mux_3nc:auto_generated|_~20             ; |lab_6|lpm_mux:Mux2|mux_3nc:auto_generated|_~20             ; out0             ;
; |lab_6|lpm_mux:Mux2|mux_3nc:auto_generated|result_node[0]~0 ; |lab_6|lpm_mux:Mux2|mux_3nc:auto_generated|result_node[0]~0 ; out0             ;
; |lab_6|lpm_mux:Mux2|mux_3nc:auto_generated|_~21             ; |lab_6|lpm_mux:Mux2|mux_3nc:auto_generated|_~21             ; out0             ;
; |lab_6|lpm_mux:Mux2|mux_3nc:auto_generated|_~23             ; |lab_6|lpm_mux:Mux2|mux_3nc:auto_generated|_~23             ; out0             ;
; |lab_6|lpm_mux:Mux2|mux_3nc:auto_generated|_~25             ; |lab_6|lpm_mux:Mux2|mux_3nc:auto_generated|_~25             ; out0             ;
; |lab_6|lpm_mux:Mux2|mux_3nc:auto_generated|_~27             ; |lab_6|lpm_mux:Mux2|mux_3nc:auto_generated|_~27             ; out0             ;
; |lab_6|lpm_mux:Mux2|mux_3nc:auto_generated|_~28             ; |lab_6|lpm_mux:Mux2|mux_3nc:auto_generated|_~28             ; out0             ;
; |lab_6|lpm_mux:Mux2|mux_3nc:auto_generated|_~29             ; |lab_6|lpm_mux:Mux2|mux_3nc:auto_generated|_~29             ; out0             ;
; |lab_6|lpm_mux:Mux2|mux_3nc:auto_generated|_~30             ; |lab_6|lpm_mux:Mux2|mux_3nc:auto_generated|_~30             ; out0             ;
; |lab_6|lpm_mux:Mux2|mux_3nc:auto_generated|_~32             ; |lab_6|lpm_mux:Mux2|mux_3nc:auto_generated|_~32             ; out0             ;
; |lab_6|lpm_mux:Mux2|mux_3nc:auto_generated|_~34             ; |lab_6|lpm_mux:Mux2|mux_3nc:auto_generated|_~34             ; out0             ;
; |lab_6|lpm_mux:Mux2|mux_3nc:auto_generated|_~36             ; |lab_6|lpm_mux:Mux2|mux_3nc:auto_generated|_~36             ; out0             ;
; |lab_6|lpm_mux:Mux2|mux_3nc:auto_generated|_~37             ; |lab_6|lpm_mux:Mux2|mux_3nc:auto_generated|_~37             ; out0             ;
; |lab_6|lpm_mux:Mux2|mux_3nc:auto_generated|_~38             ; |lab_6|lpm_mux:Mux2|mux_3nc:auto_generated|_~38             ; out0             ;
; |lab_6|lpm_mux:Mux2|mux_3nc:auto_generated|_~39             ; |lab_6|lpm_mux:Mux2|mux_3nc:auto_generated|_~39             ; out0             ;
; |lab_6|lpm_mux:Mux2|mux_3nc:auto_generated|_~40             ; |lab_6|lpm_mux:Mux2|mux_3nc:auto_generated|_~40             ; out0             ;
; |lab_6|lpm_mux:Mux2|mux_3nc:auto_generated|result_node[0]   ; |lab_6|lpm_mux:Mux2|mux_3nc:auto_generated|result_node[0]   ; out0             ;
; |lab_6|lpm_mux:Mux1|mux_3nc:auto_generated|_~0              ; |lab_6|lpm_mux:Mux1|mux_3nc:auto_generated|_~0              ; out0             ;
; |lab_6|lpm_mux:Mux1|mux_3nc:auto_generated|_~1              ; |lab_6|lpm_mux:Mux1|mux_3nc:auto_generated|_~1              ; out0             ;
; |lab_6|lpm_mux:Mux1|mux_3nc:auto_generated|_~3              ; |lab_6|lpm_mux:Mux1|mux_3nc:auto_generated|_~3              ; out0             ;
; |lab_6|lpm_mux:Mux1|mux_3nc:auto_generated|_~5              ; |lab_6|lpm_mux:Mux1|mux_3nc:auto_generated|_~5              ; out0             ;
; |lab_6|lpm_mux:Mux1|mux_3nc:auto_generated|_~6              ; |lab_6|lpm_mux:Mux1|mux_3nc:auto_generated|_~6              ; out0             ;
; |lab_6|lpm_mux:Mux1|mux_3nc:auto_generated|_~7              ; |lab_6|lpm_mux:Mux1|mux_3nc:auto_generated|_~7              ; out0             ;
; |lab_6|lpm_mux:Mux1|mux_3nc:auto_generated|_~8              ; |lab_6|lpm_mux:Mux1|mux_3nc:auto_generated|_~8              ; out0             ;
; |lab_6|lpm_mux:Mux1|mux_3nc:auto_generated|_~9              ; |lab_6|lpm_mux:Mux1|mux_3nc:auto_generated|_~9              ; out0             ;
; |lab_6|lpm_mux:Mux1|mux_3nc:auto_generated|_~10             ; |lab_6|lpm_mux:Mux1|mux_3nc:auto_generated|_~10             ; out0             ;
; |lab_6|lpm_mux:Mux1|mux_3nc:auto_generated|_~12             ; |lab_6|lpm_mux:Mux1|mux_3nc:auto_generated|_~12             ; out0             ;
; |lab_6|lpm_mux:Mux1|mux_3nc:auto_generated|_~14             ; |lab_6|lpm_mux:Mux1|mux_3nc:auto_generated|_~14             ; out0             ;
; |lab_6|lpm_mux:Mux1|mux_3nc:auto_generated|_~15             ; |lab_6|lpm_mux:Mux1|mux_3nc:auto_generated|_~15             ; out0             ;
; |lab_6|lpm_mux:Mux1|mux_3nc:auto_generated|_~16             ; |lab_6|lpm_mux:Mux1|mux_3nc:auto_generated|_~16             ; out0             ;
; |lab_6|lpm_mux:Mux1|mux_3nc:auto_generated|_~17             ; |lab_6|lpm_mux:Mux1|mux_3nc:auto_generated|_~17             ; out0             ;
; |lab_6|lpm_mux:Mux1|mux_3nc:auto_generated|_~18             ; |lab_6|lpm_mux:Mux1|mux_3nc:auto_generated|_~18             ; out0             ;
; |lab_6|lpm_mux:Mux1|mux_3nc:auto_generated|_~19             ; |lab_6|lpm_mux:Mux1|mux_3nc:auto_generated|_~19             ; out0             ;
; |lab_6|lpm_mux:Mux1|mux_3nc:auto_generated|_~20             ; |lab_6|lpm_mux:Mux1|mux_3nc:auto_generated|_~20             ; out0             ;
; |lab_6|lpm_mux:Mux1|mux_3nc:auto_generated|result_node[0]~0 ; |lab_6|lpm_mux:Mux1|mux_3nc:auto_generated|result_node[0]~0 ; out0             ;
; |lab_6|lpm_mux:Mux1|mux_3nc:auto_generated|_~21             ; |lab_6|lpm_mux:Mux1|mux_3nc:auto_generated|_~21             ; out0             ;
; |lab_6|lpm_mux:Mux1|mux_3nc:auto_generated|_~23             ; |lab_6|lpm_mux:Mux1|mux_3nc:auto_generated|_~23             ; out0             ;
; |lab_6|lpm_mux:Mux1|mux_3nc:auto_generated|_~25             ; |lab_6|lpm_mux:Mux1|mux_3nc:auto_generated|_~25             ; out0             ;
; |lab_6|lpm_mux:Mux1|mux_3nc:auto_generated|_~27             ; |lab_6|lpm_mux:Mux1|mux_3nc:auto_generated|_~27             ; out0             ;
; |lab_6|lpm_mux:Mux1|mux_3nc:auto_generated|_~28             ; |lab_6|lpm_mux:Mux1|mux_3nc:auto_generated|_~28             ; out0             ;
; |lab_6|lpm_mux:Mux1|mux_3nc:auto_generated|_~29             ; |lab_6|lpm_mux:Mux1|mux_3nc:auto_generated|_~29             ; out0             ;
; |lab_6|lpm_mux:Mux1|mux_3nc:auto_generated|_~30             ; |lab_6|lpm_mux:Mux1|mux_3nc:auto_generated|_~30             ; out0             ;
; |lab_6|lpm_mux:Mux1|mux_3nc:auto_generated|_~32             ; |lab_6|lpm_mux:Mux1|mux_3nc:auto_generated|_~32             ; out0             ;
; |lab_6|lpm_mux:Mux1|mux_3nc:auto_generated|_~34             ; |lab_6|lpm_mux:Mux1|mux_3nc:auto_generated|_~34             ; out0             ;
; |lab_6|lpm_mux:Mux1|mux_3nc:auto_generated|_~36             ; |lab_6|lpm_mux:Mux1|mux_3nc:auto_generated|_~36             ; out0             ;
; |lab_6|lpm_mux:Mux1|mux_3nc:auto_generated|_~37             ; |lab_6|lpm_mux:Mux1|mux_3nc:auto_generated|_~37             ; out0             ;
; |lab_6|lpm_mux:Mux1|mux_3nc:auto_generated|_~38             ; |lab_6|lpm_mux:Mux1|mux_3nc:auto_generated|_~38             ; out0             ;
; |lab_6|lpm_mux:Mux1|mux_3nc:auto_generated|_~39             ; |lab_6|lpm_mux:Mux1|mux_3nc:auto_generated|_~39             ; out0             ;
; |lab_6|lpm_mux:Mux1|mux_3nc:auto_generated|_~40             ; |lab_6|lpm_mux:Mux1|mux_3nc:auto_generated|_~40             ; out0             ;
; |lab_6|lpm_mux:Mux1|mux_3nc:auto_generated|result_node[0]   ; |lab_6|lpm_mux:Mux1|mux_3nc:auto_generated|result_node[0]   ; out0             ;
; |lab_6|lpm_mux:Mux0|mux_3nc:auto_generated|_~0              ; |lab_6|lpm_mux:Mux0|mux_3nc:auto_generated|_~0              ; out0             ;
; |lab_6|lpm_mux:Mux0|mux_3nc:auto_generated|_~1              ; |lab_6|lpm_mux:Mux0|mux_3nc:auto_generated|_~1              ; out0             ;
; |lab_6|lpm_mux:Mux0|mux_3nc:auto_generated|_~3              ; |lab_6|lpm_mux:Mux0|mux_3nc:auto_generated|_~3              ; out0             ;
; |lab_6|lpm_mux:Mux0|mux_3nc:auto_generated|_~5              ; |lab_6|lpm_mux:Mux0|mux_3nc:auto_generated|_~5              ; out0             ;
; |lab_6|lpm_mux:Mux0|mux_3nc:auto_generated|_~6              ; |lab_6|lpm_mux:Mux0|mux_3nc:auto_generated|_~6              ; out0             ;
; |lab_6|lpm_mux:Mux0|mux_3nc:auto_generated|_~7              ; |lab_6|lpm_mux:Mux0|mux_3nc:auto_generated|_~7              ; out0             ;
; |lab_6|lpm_mux:Mux0|mux_3nc:auto_generated|_~8              ; |lab_6|lpm_mux:Mux0|mux_3nc:auto_generated|_~8              ; out0             ;
; |lab_6|lpm_mux:Mux0|mux_3nc:auto_generated|_~9              ; |lab_6|lpm_mux:Mux0|mux_3nc:auto_generated|_~9              ; out0             ;
; |lab_6|lpm_mux:Mux0|mux_3nc:auto_generated|_~10             ; |lab_6|lpm_mux:Mux0|mux_3nc:auto_generated|_~10             ; out0             ;
; |lab_6|lpm_mux:Mux0|mux_3nc:auto_generated|_~12             ; |lab_6|lpm_mux:Mux0|mux_3nc:auto_generated|_~12             ; out0             ;
; |lab_6|lpm_mux:Mux0|mux_3nc:auto_generated|_~14             ; |lab_6|lpm_mux:Mux0|mux_3nc:auto_generated|_~14             ; out0             ;
; |lab_6|lpm_mux:Mux0|mux_3nc:auto_generated|_~15             ; |lab_6|lpm_mux:Mux0|mux_3nc:auto_generated|_~15             ; out0             ;
; |lab_6|lpm_mux:Mux0|mux_3nc:auto_generated|_~16             ; |lab_6|lpm_mux:Mux0|mux_3nc:auto_generated|_~16             ; out0             ;
; |lab_6|lpm_mux:Mux0|mux_3nc:auto_generated|_~17             ; |lab_6|lpm_mux:Mux0|mux_3nc:auto_generated|_~17             ; out0             ;
; |lab_6|lpm_mux:Mux0|mux_3nc:auto_generated|_~18             ; |lab_6|lpm_mux:Mux0|mux_3nc:auto_generated|_~18             ; out0             ;
; |lab_6|lpm_mux:Mux0|mux_3nc:auto_generated|_~19             ; |lab_6|lpm_mux:Mux0|mux_3nc:auto_generated|_~19             ; out0             ;
; |lab_6|lpm_mux:Mux0|mux_3nc:auto_generated|_~20             ; |lab_6|lpm_mux:Mux0|mux_3nc:auto_generated|_~20             ; out0             ;
; |lab_6|lpm_mux:Mux0|mux_3nc:auto_generated|result_node[0]~0 ; |lab_6|lpm_mux:Mux0|mux_3nc:auto_generated|result_node[0]~0 ; out0             ;
; |lab_6|lpm_mux:Mux0|mux_3nc:auto_generated|_~21             ; |lab_6|lpm_mux:Mux0|mux_3nc:auto_generated|_~21             ; out0             ;
; |lab_6|lpm_mux:Mux0|mux_3nc:auto_generated|_~23             ; |lab_6|lpm_mux:Mux0|mux_3nc:auto_generated|_~23             ; out0             ;
; |lab_6|lpm_mux:Mux0|mux_3nc:auto_generated|_~25             ; |lab_6|lpm_mux:Mux0|mux_3nc:auto_generated|_~25             ; out0             ;
; |lab_6|lpm_mux:Mux0|mux_3nc:auto_generated|_~27             ; |lab_6|lpm_mux:Mux0|mux_3nc:auto_generated|_~27             ; out0             ;
; |lab_6|lpm_mux:Mux0|mux_3nc:auto_generated|_~28             ; |lab_6|lpm_mux:Mux0|mux_3nc:auto_generated|_~28             ; out0             ;
; |lab_6|lpm_mux:Mux0|mux_3nc:auto_generated|_~29             ; |lab_6|lpm_mux:Mux0|mux_3nc:auto_generated|_~29             ; out0             ;
; |lab_6|lpm_mux:Mux0|mux_3nc:auto_generated|_~30             ; |lab_6|lpm_mux:Mux0|mux_3nc:auto_generated|_~30             ; out0             ;
; |lab_6|lpm_mux:Mux0|mux_3nc:auto_generated|_~32             ; |lab_6|lpm_mux:Mux0|mux_3nc:auto_generated|_~32             ; out0             ;
; |lab_6|lpm_mux:Mux0|mux_3nc:auto_generated|_~34             ; |lab_6|lpm_mux:Mux0|mux_3nc:auto_generated|_~34             ; out0             ;
; |lab_6|lpm_mux:Mux0|mux_3nc:auto_generated|_~36             ; |lab_6|lpm_mux:Mux0|mux_3nc:auto_generated|_~36             ; out0             ;
; |lab_6|lpm_mux:Mux0|mux_3nc:auto_generated|_~37             ; |lab_6|lpm_mux:Mux0|mux_3nc:auto_generated|_~37             ; out0             ;
; |lab_6|lpm_mux:Mux0|mux_3nc:auto_generated|_~38             ; |lab_6|lpm_mux:Mux0|mux_3nc:auto_generated|_~38             ; out0             ;
; |lab_6|lpm_mux:Mux0|mux_3nc:auto_generated|_~39             ; |lab_6|lpm_mux:Mux0|mux_3nc:auto_generated|_~39             ; out0             ;
; |lab_6|lpm_mux:Mux0|mux_3nc:auto_generated|_~40             ; |lab_6|lpm_mux:Mux0|mux_3nc:auto_generated|_~40             ; out0             ;
; |lab_6|lpm_mux:Mux0|mux_3nc:auto_generated|result_node[0]   ; |lab_6|lpm_mux:Mux0|mux_3nc:auto_generated|result_node[0]   ; out0             ;
+-------------------------------------------------------------+-------------------------------------------------------------+------------------+


The following table displays output ports that do not toggle to 1 during simulation.
+----------------------------------------------------------------------------------------------------------------------------------------------+
; Missing 1-Value Coverage                                                                                                                     ;
+-------------------------------------------------------------+-------------------------------------------------------------+------------------+
; Node Name                                                   ; Output Port Name                                            ; Output Port Type ;
+-------------------------------------------------------------+-------------------------------------------------------------+------------------+
; |lab_6|bcd[0]                                               ; |lab_6|bcd[0]                                               ; pin_out          ;
; |lab_6|bcd[1]                                               ; |lab_6|bcd[1]                                               ; pin_out          ;
; |lab_6|bcd[2]                                               ; |lab_6|bcd[2]                                               ; pin_out          ;
; |lab_6|bcd[3]                                               ; |lab_6|bcd[3]                                               ; pin_out          ;
; |lab_6|leds1[7]                                             ; |lab_6|leds1[7]                                             ; pin_out          ;
; |lab_6|leds1[3]                                             ; |lab_6|leds1[3]                                             ; pin_out          ;
; |lab_6|leds1[2]                                             ; |lab_6|leds1[2]                                             ; pin_out          ;
; |lab_6|leds2[7]                                             ; |lab_6|leds2[7]                                             ; pin_out          ;
; |lab_6|leds2[6]                                             ; |lab_6|leds2[6]                                             ; pin_out          ;
; |lab_6|leds2[5]                                             ; |lab_6|leds2[5]                                             ; pin_out          ;
; |lab_6|leds2[4]                                             ; |lab_6|leds2[4]                                             ; pin_out          ;
; |lab_6|leds2[3]                                             ; |lab_6|leds2[3]                                             ; pin_out          ;
; |lab_6|leds2[2]                                             ; |lab_6|leds2[2]                                             ; pin_out          ;
; |lab_6|leds2[1]                                             ; |lab_6|leds2[1]                                             ; pin_out          ;
; |lab_6|trueFalse[1]                                         ; |lab_6|trueFalse[1]                                         ; pin_out          ;
; |lab_6|trueFalse[2]                                         ; |lab_6|trueFalse[2]                                         ; pin_out          ;
; |lab_6|trueFalse[3]                                         ; |lab_6|trueFalse[3]                                         ; pin_out          ;
; |lab_6|LessThan0~4                                          ; |lab_6|LessThan0~4                                          ; out0             ;
; |lab_6|LessThan0~8                                          ; |lab_6|LessThan0~8                                          ; out0             ;
; |lab_6|Equal0~0                                             ; |lab_6|Equal0~0                                             ; out0             ;
; |lab_6|Equal0~3                                             ; |lab_6|Equal0~3                                             ; out0             ;
; |lab_6|lpm_mux:Mux4|mux_3nc:auto_generated|_~2              ; |lab_6|lpm_mux:Mux4|mux_3nc:auto_generated|_~2              ; out0             ;
; |lab_6|lpm_mux:Mux4|mux_3nc:auto_generated|_~4              ; |lab_6|lpm_mux:Mux4|mux_3nc:auto_generated|_~4              ; out0             ;
; |lab_6|lpm_mux:Mux4|mux_3nc:auto_generated|_~11             ; |lab_6|lpm_mux:Mux4|mux_3nc:auto_generated|_~11             ; out0             ;
; |lab_6|lpm_mux:Mux4|mux_3nc:auto_generated|_~13             ; |lab_6|lpm_mux:Mux4|mux_3nc:auto_generated|_~13             ; out0             ;
; |lab_6|lpm_mux:Mux4|mux_3nc:auto_generated|_~22             ; |lab_6|lpm_mux:Mux4|mux_3nc:auto_generated|_~22             ; out0             ;
; |lab_6|lpm_mux:Mux4|mux_3nc:auto_generated|_~24             ; |lab_6|lpm_mux:Mux4|mux_3nc:auto_generated|_~24             ; out0             ;
; |lab_6|lpm_mux:Mux4|mux_3nc:auto_generated|_~26             ; |lab_6|lpm_mux:Mux4|mux_3nc:auto_generated|_~26             ; out0             ;
; |lab_6|lpm_mux:Mux4|mux_3nc:auto_generated|_~31             ; |lab_6|lpm_mux:Mux4|mux_3nc:auto_generated|_~31             ; out0             ;
; |lab_6|lpm_mux:Mux4|mux_3nc:auto_generated|_~33             ; |lab_6|lpm_mux:Mux4|mux_3nc:auto_generated|_~33             ; out0             ;
; |lab_6|lpm_mux:Mux4|mux_3nc:auto_generated|_~35             ; |lab_6|lpm_mux:Mux4|mux_3nc:auto_generated|_~35             ; out0             ;
; |lab_6|lpm_mux:Mux4|mux_3nc:auto_generated|_~41             ; |lab_6|lpm_mux:Mux4|mux_3nc:auto_generated|_~41             ; out0             ;
; |lab_6|lpm_mux:Mux4|mux_3nc:auto_generated|_~42             ; |lab_6|lpm_mux:Mux4|mux_3nc:auto_generated|_~42             ; out0             ;
; |lab_6|lpm_mux:Mux4|mux_3nc:auto_generated|result_node[0]~1 ; |lab_6|lpm_mux:Mux4|mux_3nc:auto_generated|result_node[0]~1 ; out0             ;
; |lab_6|lpm_mux:Mux3|mux_3nc:auto_generated|_~2              ; |lab_6|lpm_mux:Mux3|mux_3nc:auto_generated|_~2              ; out0             ;
; |lab_6|lpm_mux:Mux3|mux_3nc:auto_generated|_~4              ; |lab_6|lpm_mux:Mux3|mux_3nc:auto_generated|_~4              ; out0             ;
; |lab_6|lpm_mux:Mux3|mux_3nc:auto_generated|_~11             ; |lab_6|lpm_mux:Mux3|mux_3nc:auto_generated|_~11             ; out0             ;
; |lab_6|lpm_mux:Mux3|mux_3nc:auto_generated|_~13             ; |lab_6|lpm_mux:Mux3|mux_3nc:auto_generated|_~13             ; out0             ;
; |lab_6|lpm_mux:Mux3|mux_3nc:auto_generated|_~22             ; |lab_6|lpm_mux:Mux3|mux_3nc:auto_generated|_~22             ; out0             ;
; |lab_6|lpm_mux:Mux3|mux_3nc:auto_generated|_~24             ; |lab_6|lpm_mux:Mux3|mux_3nc:auto_generated|_~24             ; out0             ;
; |lab_6|lpm_mux:Mux3|mux_3nc:auto_generated|_~26             ; |lab_6|lpm_mux:Mux3|mux_3nc:auto_generated|_~26             ; out0             ;
; |lab_6|lpm_mux:Mux3|mux_3nc:auto_generated|_~31             ; |lab_6|lpm_mux:Mux3|mux_3nc:auto_generated|_~31             ; out0             ;
; |lab_6|lpm_mux:Mux3|mux_3nc:auto_generated|_~33             ; |lab_6|lpm_mux:Mux3|mux_3nc:auto_generated|_~33             ; out0             ;
; |lab_6|lpm_mux:Mux3|mux_3nc:auto_generated|_~35             ; |lab_6|lpm_mux:Mux3|mux_3nc:auto_generated|_~35             ; out0             ;
; |lab_6|lpm_mux:Mux3|mux_3nc:auto_generated|_~41             ; |lab_6|lpm_mux:Mux3|mux_3nc:auto_generated|_~41             ; out0             ;
; |lab_6|lpm_mux:Mux3|mux_3nc:auto_generated|_~42             ; |lab_6|lpm_mux:Mux3|mux_3nc:auto_generated|_~42             ; out0             ;
; |lab_6|lpm_mux:Mux3|mux_3nc:auto_generated|result_node[0]~1 ; |lab_6|lpm_mux:Mux3|mux_3nc:auto_generated|result_node[0]~1 ; out0             ;
; |lab_6|lpm_mux:Mux2|mux_3nc:auto_generated|_~2              ; |lab_6|lpm_mux:Mux2|mux_3nc:auto_generated|_~2              ; out0             ;
; |lab_6|lpm_mux:Mux2|mux_3nc:auto_generated|_~4              ; |lab_6|lpm_mux:Mux2|mux_3nc:auto_generated|_~4              ; out0             ;
; |lab_6|lpm_mux:Mux2|mux_3nc:auto_generated|_~11             ; |lab_6|lpm_mux:Mux2|mux_3nc:auto_generated|_~11             ; out0             ;
; |lab_6|lpm_mux:Mux2|mux_3nc:auto_generated|_~13             ; |lab_6|lpm_mux:Mux2|mux_3nc:auto_generated|_~13             ; out0             ;
; |lab_6|lpm_mux:Mux2|mux_3nc:auto_generated|_~22             ; |lab_6|lpm_mux:Mux2|mux_3nc:auto_generated|_~22             ; out0             ;
; |lab_6|lpm_mux:Mux2|mux_3nc:auto_generated|_~24             ; |lab_6|lpm_mux:Mux2|mux_3nc:auto_generated|_~24             ; out0             ;
; |lab_6|lpm_mux:Mux2|mux_3nc:auto_generated|_~26             ; |lab_6|lpm_mux:Mux2|mux_3nc:auto_generated|_~26             ; out0             ;
; |lab_6|lpm_mux:Mux2|mux_3nc:auto_generated|_~31             ; |lab_6|lpm_mux:Mux2|mux_3nc:auto_generated|_~31             ; out0             ;
; |lab_6|lpm_mux:Mux2|mux_3nc:auto_generated|_~33             ; |lab_6|lpm_mux:Mux2|mux_3nc:auto_generated|_~33             ; out0             ;
; |lab_6|lpm_mux:Mux2|mux_3nc:auto_generated|_~35             ; |lab_6|lpm_mux:Mux2|mux_3nc:auto_generated|_~35             ; out0             ;
; |lab_6|lpm_mux:Mux2|mux_3nc:auto_generated|_~41             ; |lab_6|lpm_mux:Mux2|mux_3nc:auto_generated|_~41             ; out0             ;
; |lab_6|lpm_mux:Mux2|mux_3nc:auto_generated|_~42             ; |lab_6|lpm_mux:Mux2|mux_3nc:auto_generated|_~42             ; out0             ;
; |lab_6|lpm_mux:Mux2|mux_3nc:auto_generated|result_node[0]~1 ; |lab_6|lpm_mux:Mux2|mux_3nc:auto_generated|result_node[0]~1 ; out0             ;
; |lab_6|lpm_mux:Mux1|mux_3nc:auto_generated|_~2              ; |lab_6|lpm_mux:Mux1|mux_3nc:auto_generated|_~2              ; out0             ;
; |lab_6|lpm_mux:Mux1|mux_3nc:auto_generated|_~4              ; |lab_6|lpm_mux:Mux1|mux_3nc:auto_generated|_~4              ; out0             ;
; |lab_6|lpm_mux:Mux1|mux_3nc:auto_generated|_~11             ; |lab_6|lpm_mux:Mux1|mux_3nc:auto_generated|_~11             ; out0             ;
; |lab_6|lpm_mux:Mux1|mux_3nc:auto_generated|_~13             ; |lab_6|lpm_mux:Mux1|mux_3nc:auto_generated|_~13             ; out0             ;
; |lab_6|lpm_mux:Mux1|mux_3nc:auto_generated|_~22             ; |lab_6|lpm_mux:Mux1|mux_3nc:auto_generated|_~22             ; out0             ;
; |lab_6|lpm_mux:Mux1|mux_3nc:auto_generated|_~24             ; |lab_6|lpm_mux:Mux1|mux_3nc:auto_generated|_~24             ; out0             ;
; |lab_6|lpm_mux:Mux1|mux_3nc:auto_generated|_~26             ; |lab_6|lpm_mux:Mux1|mux_3nc:auto_generated|_~26             ; out0             ;
; |lab_6|lpm_mux:Mux1|mux_3nc:auto_generated|_~31             ; |lab_6|lpm_mux:Mux1|mux_3nc:auto_generated|_~31             ; out0             ;
; |lab_6|lpm_mux:Mux1|mux_3nc:auto_generated|_~33             ; |lab_6|lpm_mux:Mux1|mux_3nc:auto_generated|_~33             ; out0             ;
; |lab_6|lpm_mux:Mux1|mux_3nc:auto_generated|_~35             ; |lab_6|lpm_mux:Mux1|mux_3nc:auto_generated|_~35             ; out0             ;
; |lab_6|lpm_mux:Mux1|mux_3nc:auto_generated|_~41             ; |lab_6|lpm_mux:Mux1|mux_3nc:auto_generated|_~41             ; out0             ;
; |lab_6|lpm_mux:Mux1|mux_3nc:auto_generated|_~42             ; |lab_6|lpm_mux:Mux1|mux_3nc:auto_generated|_~42             ; out0             ;
; |lab_6|lpm_mux:Mux1|mux_3nc:auto_generated|result_node[0]~1 ; |lab_6|lpm_mux:Mux1|mux_3nc:auto_generated|result_node[0]~1 ; out0             ;
; |lab_6|lpm_mux:Mux0|mux_3nc:auto_generated|_~2              ; |lab_6|lpm_mux:Mux0|mux_3nc:auto_generated|_~2              ; out0             ;
; |lab_6|lpm_mux:Mux0|mux_3nc:auto_generated|_~4              ; |lab_6|lpm_mux:Mux0|mux_3nc:auto_generated|_~4              ; out0             ;
; |lab_6|lpm_mux:Mux0|mux_3nc:auto_generated|_~11             ; |lab_6|lpm_mux:Mux0|mux_3nc:auto_generated|_~11             ; out0             ;
; |lab_6|lpm_mux:Mux0|mux_3nc:auto_generated|_~13             ; |lab_6|lpm_mux:Mux0|mux_3nc:auto_generated|_~13             ; out0             ;
; |lab_6|lpm_mux:Mux0|mux_3nc:auto_generated|_~22             ; |lab_6|lpm_mux:Mux0|mux_3nc:auto_generated|_~22             ; out0             ;
; |lab_6|lpm_mux:Mux0|mux_3nc:auto_generated|_~24             ; |lab_6|lpm_mux:Mux0|mux_3nc:auto_generated|_~24             ; out0             ;
; |lab_6|lpm_mux:Mux0|mux_3nc:auto_generated|_~26             ; |lab_6|lpm_mux:Mux0|mux_3nc:auto_generated|_~26             ; out0             ;
; |lab_6|lpm_mux:Mux0|mux_3nc:auto_generated|_~31             ; |lab_6|lpm_mux:Mux0|mux_3nc:auto_generated|_~31             ; out0             ;
; |lab_6|lpm_mux:Mux0|mux_3nc:auto_generated|_~33             ; |lab_6|lpm_mux:Mux0|mux_3nc:auto_generated|_~33             ; out0             ;
; |lab_6|lpm_mux:Mux0|mux_3nc:auto_generated|_~35             ; |lab_6|lpm_mux:Mux0|mux_3nc:auto_generated|_~35             ; out0             ;
; |lab_6|lpm_mux:Mux0|mux_3nc:auto_generated|_~41             ; |lab_6|lpm_mux:Mux0|mux_3nc:auto_generated|_~41             ; out0             ;
; |lab_6|lpm_mux:Mux0|mux_3nc:auto_generated|_~42             ; |lab_6|lpm_mux:Mux0|mux_3nc:auto_generated|_~42             ; out0             ;
; |lab_6|lpm_mux:Mux0|mux_3nc:auto_generated|result_node[0]~1 ; |lab_6|lpm_mux:Mux0|mux_3nc:auto_generated|result_node[0]~1 ; out0             ;
+-------------------------------------------------------------+-------------------------------------------------------------+------------------+


The following table displays output ports that do not toggle to 0 during simulation.
+----------------------------------------------------------------------------------------------------------------------------------------------+
; Missing 0-Value Coverage                                                                                                                     ;
+-------------------------------------------------------------+-------------------------------------------------------------+------------------+
; Node Name                                                   ; Output Port Name                                            ; Output Port Type ;
+-------------------------------------------------------------+-------------------------------------------------------------+------------------+
; |lab_6|bcd[0]                                               ; |lab_6|bcd[0]                                               ; pin_out          ;
; |lab_6|bcd[1]                                               ; |lab_6|bcd[1]                                               ; pin_out          ;
; |lab_6|bcd[2]                                               ; |lab_6|bcd[2]                                               ; pin_out          ;
; |lab_6|bcd[3]                                               ; |lab_6|bcd[3]                                               ; pin_out          ;
; |lab_6|leds1[7]                                             ; |lab_6|leds1[7]                                             ; pin_out          ;
; |lab_6|leds1[3]                                             ; |lab_6|leds1[3]                                             ; pin_out          ;
; |lab_6|leds1[2]                                             ; |lab_6|leds1[2]                                             ; pin_out          ;
; |lab_6|leds2[7]                                             ; |lab_6|leds2[7]                                             ; pin_out          ;
; |lab_6|leds2[6]                                             ; |lab_6|leds2[6]                                             ; pin_out          ;
; |lab_6|leds2[5]                                             ; |lab_6|leds2[5]                                             ; pin_out          ;
; |lab_6|leds2[4]                                             ; |lab_6|leds2[4]                                             ; pin_out          ;
; |lab_6|leds2[3]                                             ; |lab_6|leds2[3]                                             ; pin_out          ;
; |lab_6|leds2[2]                                             ; |lab_6|leds2[2]                                             ; pin_out          ;
; |lab_6|leds2[1]                                             ; |lab_6|leds2[1]                                             ; pin_out          ;
; |lab_6|trueFalse[1]                                         ; |lab_6|trueFalse[1]                                         ; pin_out          ;
; |lab_6|trueFalse[2]                                         ; |lab_6|trueFalse[2]                                         ; pin_out          ;
; |lab_6|trueFalse[3]                                         ; |lab_6|trueFalse[3]                                         ; pin_out          ;
; |lab_6|LessThan0~4                                          ; |lab_6|LessThan0~4                                          ; out0             ;
; |lab_6|LessThan0~8                                          ; |lab_6|LessThan0~8                                          ; out0             ;
; |lab_6|Equal0~0                                             ; |lab_6|Equal0~0                                             ; out0             ;
; |lab_6|Equal0~3                                             ; |lab_6|Equal0~3                                             ; out0             ;
; |lab_6|lpm_mux:Mux4|mux_3nc:auto_generated|_~2              ; |lab_6|lpm_mux:Mux4|mux_3nc:auto_generated|_~2              ; out0             ;
; |lab_6|lpm_mux:Mux4|mux_3nc:auto_generated|_~4              ; |lab_6|lpm_mux:Mux4|mux_3nc:auto_generated|_~4              ; out0             ;
; |lab_6|lpm_mux:Mux4|mux_3nc:auto_generated|_~11             ; |lab_6|lpm_mux:Mux4|mux_3nc:auto_generated|_~11             ; out0             ;
; |lab_6|lpm_mux:Mux4|mux_3nc:auto_generated|_~13             ; |lab_6|lpm_mux:Mux4|mux_3nc:auto_generated|_~13             ; out0             ;
; |lab_6|lpm_mux:Mux4|mux_3nc:auto_generated|_~22             ; |lab_6|lpm_mux:Mux4|mux_3nc:auto_generated|_~22             ; out0             ;
; |lab_6|lpm_mux:Mux4|mux_3nc:auto_generated|_~24             ; |lab_6|lpm_mux:Mux4|mux_3nc:auto_generated|_~24             ; out0             ;
; |lab_6|lpm_mux:Mux4|mux_3nc:auto_generated|_~26             ; |lab_6|lpm_mux:Mux4|mux_3nc:auto_generated|_~26             ; out0             ;
; |lab_6|lpm_mux:Mux4|mux_3nc:auto_generated|_~31             ; |lab_6|lpm_mux:Mux4|mux_3nc:auto_generated|_~31             ; out0             ;
; |lab_6|lpm_mux:Mux4|mux_3nc:auto_generated|_~33             ; |lab_6|lpm_mux:Mux4|mux_3nc:auto_generated|_~33             ; out0             ;
; |lab_6|lpm_mux:Mux4|mux_3nc:auto_generated|_~35             ; |lab_6|lpm_mux:Mux4|mux_3nc:auto_generated|_~35             ; out0             ;
; |lab_6|lpm_mux:Mux4|mux_3nc:auto_generated|_~41             ; |lab_6|lpm_mux:Mux4|mux_3nc:auto_generated|_~41             ; out0             ;
; |lab_6|lpm_mux:Mux4|mux_3nc:auto_generated|_~42             ; |lab_6|lpm_mux:Mux4|mux_3nc:auto_generated|_~42             ; out0             ;
; |lab_6|lpm_mux:Mux4|mux_3nc:auto_generated|result_node[0]~1 ; |lab_6|lpm_mux:Mux4|mux_3nc:auto_generated|result_node[0]~1 ; out0             ;
; |lab_6|lpm_mux:Mux3|mux_3nc:auto_generated|_~2              ; |lab_6|lpm_mux:Mux3|mux_3nc:auto_generated|_~2              ; out0             ;
; |lab_6|lpm_mux:Mux3|mux_3nc:auto_generated|_~4              ; |lab_6|lpm_mux:Mux3|mux_3nc:auto_generated|_~4              ; out0             ;
; |lab_6|lpm_mux:Mux3|mux_3nc:auto_generated|_~11             ; |lab_6|lpm_mux:Mux3|mux_3nc:auto_generated|_~11             ; out0             ;
; |lab_6|lpm_mux:Mux3|mux_3nc:auto_generated|_~13             ; |lab_6|lpm_mux:Mux3|mux_3nc:auto_generated|_~13             ; out0             ;
; |lab_6|lpm_mux:Mux3|mux_3nc:auto_generated|_~22             ; |lab_6|lpm_mux:Mux3|mux_3nc:auto_generated|_~22             ; out0             ;
; |lab_6|lpm_mux:Mux3|mux_3nc:auto_generated|_~24             ; |lab_6|lpm_mux:Mux3|mux_3nc:auto_generated|_~24             ; out0             ;
; |lab_6|lpm_mux:Mux3|mux_3nc:auto_generated|_~26             ; |lab_6|lpm_mux:Mux3|mux_3nc:auto_generated|_~26             ; out0             ;
; |lab_6|lpm_mux:Mux3|mux_3nc:auto_generated|_~31             ; |lab_6|lpm_mux:Mux3|mux_3nc:auto_generated|_~31             ; out0             ;
; |lab_6|lpm_mux:Mux3|mux_3nc:auto_generated|_~33             ; |lab_6|lpm_mux:Mux3|mux_3nc:auto_generated|_~33             ; out0             ;
; |lab_6|lpm_mux:Mux3|mux_3nc:auto_generated|_~35             ; |lab_6|lpm_mux:Mux3|mux_3nc:auto_generated|_~35             ; out0             ;
; |lab_6|lpm_mux:Mux3|mux_3nc:auto_generated|_~41             ; |lab_6|lpm_mux:Mux3|mux_3nc:auto_generated|_~41             ; out0             ;
; |lab_6|lpm_mux:Mux3|mux_3nc:auto_generated|_~42             ; |lab_6|lpm_mux:Mux3|mux_3nc:auto_generated|_~42             ; out0             ;
; |lab_6|lpm_mux:Mux3|mux_3nc:auto_generated|result_node[0]~1 ; |lab_6|lpm_mux:Mux3|mux_3nc:auto_generated|result_node[0]~1 ; out0             ;
; |lab_6|lpm_mux:Mux2|mux_3nc:auto_generated|_~2              ; |lab_6|lpm_mux:Mux2|mux_3nc:auto_generated|_~2              ; out0             ;
; |lab_6|lpm_mux:Mux2|mux_3nc:auto_generated|_~4              ; |lab_6|lpm_mux:Mux2|mux_3nc:auto_generated|_~4              ; out0             ;
; |lab_6|lpm_mux:Mux2|mux_3nc:auto_generated|_~11             ; |lab_6|lpm_mux:Mux2|mux_3nc:auto_generated|_~11             ; out0             ;
; |lab_6|lpm_mux:Mux2|mux_3nc:auto_generated|_~13             ; |lab_6|lpm_mux:Mux2|mux_3nc:auto_generated|_~13             ; out0             ;
; |lab_6|lpm_mux:Mux2|mux_3nc:auto_generated|_~22             ; |lab_6|lpm_mux:Mux2|mux_3nc:auto_generated|_~22             ; out0             ;
; |lab_6|lpm_mux:Mux2|mux_3nc:auto_generated|_~24             ; |lab_6|lpm_mux:Mux2|mux_3nc:auto_generated|_~24             ; out0             ;
; |lab_6|lpm_mux:Mux2|mux_3nc:auto_generated|_~26             ; |lab_6|lpm_mux:Mux2|mux_3nc:auto_generated|_~26             ; out0             ;
; |lab_6|lpm_mux:Mux2|mux_3nc:auto_generated|_~31             ; |lab_6|lpm_mux:Mux2|mux_3nc:auto_generated|_~31             ; out0             ;
; |lab_6|lpm_mux:Mux2|mux_3nc:auto_generated|_~33             ; |lab_6|lpm_mux:Mux2|mux_3nc:auto_generated|_~33             ; out0             ;
; |lab_6|lpm_mux:Mux2|mux_3nc:auto_generated|_~35             ; |lab_6|lpm_mux:Mux2|mux_3nc:auto_generated|_~35             ; out0             ;
; |lab_6|lpm_mux:Mux2|mux_3nc:auto_generated|_~41             ; |lab_6|lpm_mux:Mux2|mux_3nc:auto_generated|_~41             ; out0             ;
; |lab_6|lpm_mux:Mux2|mux_3nc:auto_generated|_~42             ; |lab_6|lpm_mux:Mux2|mux_3nc:auto_generated|_~42             ; out0             ;
; |lab_6|lpm_mux:Mux2|mux_3nc:auto_generated|result_node[0]~1 ; |lab_6|lpm_mux:Mux2|mux_3nc:auto_generated|result_node[0]~1 ; out0             ;
; |lab_6|lpm_mux:Mux1|mux_3nc:auto_generated|_~2              ; |lab_6|lpm_mux:Mux1|mux_3nc:auto_generated|_~2              ; out0             ;
; |lab_6|lpm_mux:Mux1|mux_3nc:auto_generated|_~4              ; |lab_6|lpm_mux:Mux1|mux_3nc:auto_generated|_~4              ; out0             ;
; |lab_6|lpm_mux:Mux1|mux_3nc:auto_generated|_~11             ; |lab_6|lpm_mux:Mux1|mux_3nc:auto_generated|_~11             ; out0             ;
; |lab_6|lpm_mux:Mux1|mux_3nc:auto_generated|_~13             ; |lab_6|lpm_mux:Mux1|mux_3nc:auto_generated|_~13             ; out0             ;
; |lab_6|lpm_mux:Mux1|mux_3nc:auto_generated|_~22             ; |lab_6|lpm_mux:Mux1|mux_3nc:auto_generated|_~22             ; out0             ;
; |lab_6|lpm_mux:Mux1|mux_3nc:auto_generated|_~24             ; |lab_6|lpm_mux:Mux1|mux_3nc:auto_generated|_~24             ; out0             ;
; |lab_6|lpm_mux:Mux1|mux_3nc:auto_generated|_~26             ; |lab_6|lpm_mux:Mux1|mux_3nc:auto_generated|_~26             ; out0             ;
; |lab_6|lpm_mux:Mux1|mux_3nc:auto_generated|_~31             ; |lab_6|lpm_mux:Mux1|mux_3nc:auto_generated|_~31             ; out0             ;
; |lab_6|lpm_mux:Mux1|mux_3nc:auto_generated|_~33             ; |lab_6|lpm_mux:Mux1|mux_3nc:auto_generated|_~33             ; out0             ;
; |lab_6|lpm_mux:Mux1|mux_3nc:auto_generated|_~35             ; |lab_6|lpm_mux:Mux1|mux_3nc:auto_generated|_~35             ; out0             ;
; |lab_6|lpm_mux:Mux1|mux_3nc:auto_generated|_~41             ; |lab_6|lpm_mux:Mux1|mux_3nc:auto_generated|_~41             ; out0             ;
; |lab_6|lpm_mux:Mux1|mux_3nc:auto_generated|_~42             ; |lab_6|lpm_mux:Mux1|mux_3nc:auto_generated|_~42             ; out0             ;
; |lab_6|lpm_mux:Mux1|mux_3nc:auto_generated|result_node[0]~1 ; |lab_6|lpm_mux:Mux1|mux_3nc:auto_generated|result_node[0]~1 ; out0             ;
; |lab_6|lpm_mux:Mux0|mux_3nc:auto_generated|_~2              ; |lab_6|lpm_mux:Mux0|mux_3nc:auto_generated|_~2              ; out0             ;
; |lab_6|lpm_mux:Mux0|mux_3nc:auto_generated|_~4              ; |lab_6|lpm_mux:Mux0|mux_3nc:auto_generated|_~4              ; out0             ;
; |lab_6|lpm_mux:Mux0|mux_3nc:auto_generated|_~11             ; |lab_6|lpm_mux:Mux0|mux_3nc:auto_generated|_~11             ; out0             ;
; |lab_6|lpm_mux:Mux0|mux_3nc:auto_generated|_~13             ; |lab_6|lpm_mux:Mux0|mux_3nc:auto_generated|_~13             ; out0             ;
; |lab_6|lpm_mux:Mux0|mux_3nc:auto_generated|_~22             ; |lab_6|lpm_mux:Mux0|mux_3nc:auto_generated|_~22             ; out0             ;
; |lab_6|lpm_mux:Mux0|mux_3nc:auto_generated|_~24             ; |lab_6|lpm_mux:Mux0|mux_3nc:auto_generated|_~24             ; out0             ;
; |lab_6|lpm_mux:Mux0|mux_3nc:auto_generated|_~26             ; |lab_6|lpm_mux:Mux0|mux_3nc:auto_generated|_~26             ; out0             ;
; |lab_6|lpm_mux:Mux0|mux_3nc:auto_generated|_~31             ; |lab_6|lpm_mux:Mux0|mux_3nc:auto_generated|_~31             ; out0             ;
; |lab_6|lpm_mux:Mux0|mux_3nc:auto_generated|_~33             ; |lab_6|lpm_mux:Mux0|mux_3nc:auto_generated|_~33             ; out0             ;
; |lab_6|lpm_mux:Mux0|mux_3nc:auto_generated|_~35             ; |lab_6|lpm_mux:Mux0|mux_3nc:auto_generated|_~35             ; out0             ;
; |lab_6|lpm_mux:Mux0|mux_3nc:auto_generated|_~41             ; |lab_6|lpm_mux:Mux0|mux_3nc:auto_generated|_~41             ; out0             ;
; |lab_6|lpm_mux:Mux0|mux_3nc:auto_generated|_~42             ; |lab_6|lpm_mux:Mux0|mux_3nc:auto_generated|_~42             ; out0             ;
; |lab_6|lpm_mux:Mux0|mux_3nc:auto_generated|result_node[0]~1 ; |lab_6|lpm_mux:Mux0|mux_3nc:auto_generated|result_node[0]~1 ; out0             ;
+-------------------------------------------------------------+-------------------------------------------------------------+------------------+


+---------------------+
; Simulator INI Usage ;
+--------+------------+
; Option ; Usage      ;
+--------+------------+


+--------------------+
; Simulator Messages ;
+--------------------+
Info: *******************************************************************
Info: Running Quartus II Simulator
    Info: Version 9.1 Build 350 03/24/2010 Service Pack 2 SJ Web Edition
    Info: Processing started: Tue Oct 25 11:42:36 2011
Info: Command: quartus_sim --read_settings_files=on --write_settings_files=off lab_6 -c lab_6
Info: Using vector source file "C:/Users/Erich Viebrock/Desktop/Classes/Fall 11/Advanced Digital/Lab 6/lab_6.vwf"
Info: Option to preserve fewer signal transitions to reduce memory requirements is enabled
    Info: Simulation has been partitioned into sub-simulations according to the maximum transition count determined by the engine. Transitions from memory will be flushed out to disk at the end of each sub-simulation to reduce memory requirements.
Info: Simulation partitioned into 1 sub-simulations
Info: Simulation coverage is      69.72 %
Info: Number of transitions in simulation is 3130
Info: Quartus II Simulator was successful. 0 errors, 0 warnings
    Info: Peak virtual memory: 146 megabytes
    Info: Processing ended: Tue Oct 25 11:42:36 2011
    Info: Elapsed time: 00:00:00
    Info: Total CPU time (on all processors): 00:00:00


