desc: --stacks=yes --detailed-freq=1000000 --massif-out-file=massif_bubble.out
cmd: ./sorting_program bubble
time_unit: i
#-----------
snapshot=0
#-----------
time=0
mem_heap_B=0
mem_heap_extra_B=0
mem_stacks_B=0
heap_tree=empty
#-----------
snapshot=1
#-----------
time=125072
mem_heap_B=0
mem_heap_extra_B=0
mem_stacks_B=400364
heap_tree=peak
n0: 0 (heap allocation functions) malloc/new/new[], --alloc-fns, etc.
#-----------
snapshot=2
#-----------
time=302990
mem_heap_B=0
mem_heap_extra_B=0
mem_stacks_B=400308
heap_tree=empty
#-----------
snapshot=3
#-----------
time=383829
mem_heap_B=0
mem_heap_extra_B=0
mem_stacks_B=400244
heap_tree=empty
#-----------
snapshot=4
#-----------
time=498817
mem_heap_B=0
mem_heap_extra_B=0
mem_stacks_B=400244
heap_tree=empty
#-----------
snapshot=5
#-----------
time=593983
mem_heap_B=0
mem_heap_extra_B=0
mem_stacks_B=400308
heap_tree=empty
#-----------
snapshot=6
#-----------
time=702207
mem_heap_B=0
mem_heap_extra_B=0
mem_stacks_B=400308
heap_tree=empty
#-----------
snapshot=7
#-----------
time=810431
mem_heap_B=0
mem_heap_extra_B=0
mem_stacks_B=400308
heap_tree=empty
#-----------
snapshot=8
#-----------
time=952005
mem_heap_B=0
mem_heap_extra_B=0
mem_stacks_B=400244
heap_tree=empty
#-----------
snapshot=9
#-----------
time=1050617
mem_heap_B=0
mem_heap_extra_B=0
mem_stacks_B=400244
heap_tree=empty
#-----------
snapshot=10
#-----------
time=1149229
mem_heap_B=0
mem_heap_extra_B=0
mem_stacks_B=400244
heap_tree=empty
#-----------
snapshot=11
#-----------
time=1247841
mem_heap_B=0
mem_heap_extra_B=0
mem_stacks_B=400244
heap_tree=empty
#-----------
snapshot=12
#-----------
time=1346453
mem_heap_B=0
mem_heap_extra_B=0
mem_stacks_B=400244
heap_tree=empty
#-----------
snapshot=13
#-----------
time=1445065
mem_heap_B=0
mem_heap_extra_B=0
mem_stacks_B=400244
heap_tree=empty
#-----------
snapshot=14
#-----------
time=1540891
mem_heap_B=0
mem_heap_extra_B=0
mem_stacks_B=400308
heap_tree=empty
#-----------
snapshot=15
#-----------
time=1726901
mem_heap_B=0
mem_heap_extra_B=0
mem_stacks_B=400308
heap_tree=empty
#-----------
snapshot=16
#-----------
time=1912911
mem_heap_B=0
mem_heap_extra_B=0
mem_stacks_B=400308
heap_tree=empty
#-----------
snapshot=17
#-----------
time=2098921
mem_heap_B=0
mem_heap_extra_B=0
mem_stacks_B=400308
heap_tree=empty
#-----------
snapshot=18
#-----------
time=2284931
mem_heap_B=0
mem_heap_extra_B=0
mem_stacks_B=400308
heap_tree=empty
#-----------
snapshot=19
#-----------
time=2470941
mem_heap_B=0
mem_heap_extra_B=0
mem_stacks_B=400308
heap_tree=empty
#-----------
snapshot=20
#-----------
time=2656951
mem_heap_B=0
mem_heap_extra_B=0
mem_stacks_B=400308
heap_tree=empty
#-----------
snapshot=21
#-----------
time=2780127
mem_heap_B=0
mem_heap_extra_B=0
mem_stacks_B=400308
heap_tree=empty
#-----------
snapshot=22
#-----------
time=2903303
mem_heap_B=0
mem_heap_extra_B=0
mem_stacks_B=400308
heap_tree=empty
#-----------
snapshot=23
#-----------
time=3026479
mem_heap_B=0
mem_heap_extra_B=0
mem_stacks_B=400308
heap_tree=empty
#-----------
snapshot=24
#-----------
time=3149655
mem_heap_B=0
mem_heap_extra_B=0
mem_stacks_B=400308
heap_tree=empty
#-----------
snapshot=25
#-----------
time=3272831
mem_heap_B=0
mem_heap_extra_B=0
mem_stacks_B=400308
heap_tree=empty
#-----------
snapshot=26
#-----------
time=3396007
mem_heap_B=0
mem_heap_extra_B=0
mem_stacks_B=400308
heap_tree=empty
#-----------
snapshot=27
#-----------
time=3519183
mem_heap_B=0
mem_heap_extra_B=0
mem_stacks_B=400308
heap_tree=empty
#-----------
snapshot=28
#-----------
time=3642359
mem_heap_B=0
mem_heap_extra_B=0
mem_stacks_B=400308
heap_tree=empty
#-----------
snapshot=29
#-----------
time=3765535
mem_heap_B=0
mem_heap_extra_B=0
mem_stacks_B=400308
heap_tree=empty
#-----------
snapshot=30
#-----------
time=3888711
mem_heap_B=0
mem_heap_extra_B=0
mem_stacks_B=400308
heap_tree=empty
#-----------
snapshot=31
#-----------
time=4011887
mem_heap_B=0
mem_heap_extra_B=0
mem_stacks_B=400308
heap_tree=empty
#-----------
snapshot=32
#-----------
time=4135063
mem_heap_B=0
mem_heap_extra_B=0
mem_stacks_B=400308
heap_tree=empty
#-----------
snapshot=33
#-----------
time=4258239
mem_heap_B=0
mem_heap_extra_B=0
mem_stacks_B=400308
heap_tree=empty
#-----------
snapshot=34
#-----------
time=4381415
mem_heap_B=0
mem_heap_extra_B=0
mem_stacks_B=400308
heap_tree=empty
#-----------
snapshot=35
#-----------
time=4504591
mem_heap_B=0
mem_heap_extra_B=0
mem_stacks_B=400308
heap_tree=empty
#-----------
snapshot=36
#-----------
time=4627767
mem_heap_B=0
mem_heap_extra_B=0
mem_stacks_B=400308
heap_tree=empty
#-----------
snapshot=37
#-----------
time=4792009
mem_heap_B=0
mem_heap_extra_B=0
mem_stacks_B=400260
heap_tree=empty
#-----------
snapshot=38
#-----------
time=4956303
mem_heap_B=0
mem_heap_extra_B=0
mem_stacks_B=400260
heap_tree=empty
#-----------
snapshot=39
#-----------
time=5120597
mem_heap_B=0
mem_heap_extra_B=0
mem_stacks_B=400260
heap_tree=empty
#-----------
snapshot=40
#-----------
time=5284891
mem_heap_B=0
mem_heap_extra_B=0
mem_stacks_B=400260
heap_tree=empty
#-----------
snapshot=41
#-----------
time=5449185
mem_heap_B=0
mem_heap_extra_B=0
mem_stacks_B=400260
heap_tree=empty
#-----------
snapshot=42
#-----------
time=5613479
mem_heap_B=0
mem_heap_extra_B=0
mem_stacks_B=400260
heap_tree=empty
#-----------
snapshot=43
#-----------
time=5777773
mem_heap_B=0
mem_heap_extra_B=0
mem_stacks_B=400260
heap_tree=empty
#-----------
snapshot=44
#-----------
time=5942067
mem_heap_B=0
mem_heap_extra_B=0
mem_stacks_B=400260
heap_tree=empty
#-----------
snapshot=45
#-----------
time=6106361
mem_heap_B=0
mem_heap_extra_B=0
mem_stacks_B=400260
heap_tree=empty
#-----------
snapshot=46
#-----------
time=6270655
mem_heap_B=0
mem_heap_extra_B=0
mem_stacks_B=400260
heap_tree=empty
#-----------
snapshot=47
#-----------
time=6434949
mem_heap_B=0
mem_heap_extra_B=0
mem_stacks_B=400260
heap_tree=empty
#-----------
snapshot=48
#-----------
time=6599243
mem_heap_B=0
mem_heap_extra_B=0
mem_stacks_B=400260
heap_tree=empty
#-----------
snapshot=49
#-----------
time=6763537
mem_heap_B=0
mem_heap_extra_B=0
mem_stacks_B=400260
heap_tree=empty
#-----------
snapshot=50
#-----------
time=6844401
mem_heap_B=0
mem_heap_extra_B=0
mem_stacks_B=400308
heap_tree=empty
#-----------
snapshot=51
#-----------
time=6925240
mem_heap_B=0
mem_heap_extra_B=0
mem_stacks_B=400244
heap_tree=empty
#-----------
snapshot=52
#-----------
time=7006114
mem_heap_B=0
mem_heap_extra_B=0
mem_stacks_B=400308
heap_tree=empty
#-----------
snapshot=53
#-----------
time=7086953
mem_heap_B=0
mem_heap_extra_B=0
mem_stacks_B=400244
heap_tree=empty
#-----------
snapshot=54
#-----------
time=7167827
mem_heap_B=0
mem_heap_extra_B=0
mem_stacks_B=400308
heap_tree=empty
#-----------
snapshot=55
#-----------
time=7248666
mem_heap_B=0
mem_heap_extra_B=0
mem_stacks_B=400244
heap_tree=empty
#-----------
snapshot=56
#-----------
time=7329540
mem_heap_B=0
mem_heap_extra_B=0
mem_stacks_B=400308
heap_tree=empty
#-----------
snapshot=57
#-----------
time=7410379
mem_heap_B=0
mem_heap_extra_B=0
mem_stacks_B=400244
heap_tree=empty
#-----------
snapshot=58
#-----------
time=7491253
mem_heap_B=0
mem_heap_extra_B=0
mem_stacks_B=400308
heap_tree=empty
#-----------
snapshot=59
#-----------
time=7572092
mem_heap_B=0
mem_heap_extra_B=0
mem_stacks_B=400244
heap_tree=empty
#-----------
snapshot=60
#-----------
time=7652966
mem_heap_B=0
mem_heap_extra_B=0
mem_stacks_B=400308
heap_tree=empty
#-----------
snapshot=61
#-----------
time=7733805
mem_heap_B=0
mem_heap_extra_B=0
mem_stacks_B=400244
heap_tree=empty
#-----------
snapshot=62
#-----------
time=7814679
mem_heap_B=0
mem_heap_extra_B=0
mem_stacks_B=400308
heap_tree=empty
#-----------
snapshot=63
#-----------
time=7895518
mem_heap_B=0
mem_heap_extra_B=0
mem_stacks_B=400244
heap_tree=empty
#-----------
snapshot=64
#-----------
time=7976392
mem_heap_B=0
mem_heap_extra_B=0
mem_stacks_B=400308
heap_tree=empty
#-----------
snapshot=65
#-----------
time=8057231
mem_heap_B=0
mem_heap_extra_B=0
mem_stacks_B=400244
heap_tree=empty
#-----------
snapshot=66
#-----------
time=8138105
mem_heap_B=0
mem_heap_extra_B=0
mem_stacks_B=400308
heap_tree=empty
#-----------
snapshot=67
#-----------
time=8218944
mem_heap_B=0
mem_heap_extra_B=0
mem_stacks_B=400244
heap_tree=empty
#-----------
snapshot=68
#-----------
time=8299818
mem_heap_B=0
mem_heap_extra_B=0
mem_stacks_B=400308
heap_tree=empty
#-----------
snapshot=69
#-----------
time=8380657
mem_heap_B=0
mem_heap_extra_B=0
mem_stacks_B=400244
heap_tree=empty
#-----------
snapshot=70
#-----------
time=8461531
mem_heap_B=0
mem_heap_extra_B=0
mem_stacks_B=400308
heap_tree=empty
#-----------
snapshot=71
#-----------
time=8542370
mem_heap_B=0
mem_heap_extra_B=0
mem_stacks_B=400244
heap_tree=empty
#-----------
snapshot=72
#-----------
time=8623244
mem_heap_B=0
mem_heap_extra_B=0
mem_stacks_B=400308
heap_tree=empty
#-----------
snapshot=73
#-----------
time=8704083
mem_heap_B=0
mem_heap_extra_B=0
mem_stacks_B=400244
heap_tree=empty
#-----------
snapshot=74
#-----------
time=8784957
mem_heap_B=0
mem_heap_extra_B=0
mem_stacks_B=400308
heap_tree=empty
#-----------
snapshot=75
#-----------
time=8865796
mem_heap_B=0
mem_heap_extra_B=0
mem_stacks_B=400244
heap_tree=empty
#-----------
snapshot=76
#-----------
time=8946670
mem_heap_B=0
mem_heap_extra_B=0
mem_stacks_B=400308
heap_tree=empty
#-----------
snapshot=77
#-----------
time=9027509
mem_heap_B=0
mem_heap_extra_B=0
mem_stacks_B=400244
heap_tree=empty
#-----------
snapshot=78
#-----------
time=37895378057
mem_heap_B=0
mem_heap_extra_B=0
mem_stacks_B=400244
heap_tree=empty
